0 info it worked if it ends with ok
1 verbose cli [ 'C:\\Program Files\\nodejs\\node.exe',
1 verbose cli   'C:\\Program Files\\nodejs\\node_modules\\npm\\bin\\npm-cli.js',
1 verbose cli   'run',
1 verbose cli   'pretest' ]
2 info using npm@3.10.10
3 info using node@v6.9.5
4 verbose run-script [ 'pretest' ]
5 info lifecycle canvas-template@1.0.0~pretest: canvas-template@1.0.0
6 verbose lifecycle canvas-template@1.0.0~pretest: unsafe-perm in lifecycle true
7 verbose lifecycle canvas-template@1.0.0~pretest: PATH: C:\Users\frank\AppData\Roaming\nvm\v6.9.5\node_modules\npm\bin\node-gyp-bin;D:\Frank\www\my-project\pong.test\node_modules\.bin;C:\Program Files\Python38\Scripts\;C:\Program Files\Python38\;C:\Users\frank\Downloads\WINDOWS.X64_193000_db_home\bin;C:\Program Files (x86)\Common Files\Oracle\Java\javapath;C:\ProgramData\Oracle\Java\javapath;C:\Program Files (x86)\Intel\iCLS Client\;C:\Program Files\Intel\iCLS Client\;C:\Windows\system32;C:\Windows;C:\Windows\System32\Wbem;C:\Windows\System32\WindowsPowerShell\v1.0\;C:\Program Files (x86)\Intel\Intel(R) Management Engine Components\DAL;C:\Program Files\Intel\Intel(R) Management Engine Components\DAL;C:\Program Files (x86)\Intel\Intel(R) Management Engine Components\IPT;C:\Program Files\Intel\Intel(R) Management Engine Components\IPT;C:\Program Files (x86)\NVIDIA Corporation\PhysX\Common;C:\WINDOWS\system32;C:\WINDOWS;C:\WINDOWS\System32\Wbem;C:\WINDOWS\System32\WindowsPowerShell\v1.0\;C:\Program Files (x86)\Bitvise SSH Client;C:\Users\frank\.dnx\bin;C:\Program Files\Microsoft DNX\Dnvm\;C:\Program Files\Microsoft SQL Server\130\Tools\Binn\;C:\Program Files\Git\cmd;C:\Program Files (x86)\Skype\Phone\;C:\Ruby23\bin;C:\Users\frank\AppData\Local\Microsoft\WindowsApps;C:\Users\frank\AppData\Roaming\npm;C:\Users\frank\AppData\Local\atom\bin;C:\Program Files\Sublime Text 2;C:\WINDOWS\system32;C:\WINDOWS;C:\WINDOWS\System32\Wbem;C:\WINDOWS\System32\WindowsPowerShell\v1.0\;C:\WINDOWS\System32\OpenSSH\;C:\HashiCorp\Vagrant\bin;C:\Program Files\PuTTY\;C:\Gradle\gradle-5.1.1\bin;C:\Program Files\Java\jdk1.8.0_201\bin;C:\Program Files\Java\jre1.8.0_201\bin;C:\Users\frank\AppData\Local\Android\Sdk\platforms;C:\Users\frank\AppData\Local\Android\Sdk\platform-tools;C:\Users\frank\AppData\Roaming\nvm;C:\Program Files\nodejs;C:\Program Files\Java\apache-maven-3.6.1\bin;;C:\Program Files\NVIDIA Corporation\NVIDIA NvDLISR;C:\Ruby23\bin;C:\Users\frank\AppData\Local\Microsoft\WindowsApps;C:\Users\frank\AppData\Roaming\npm;C:\Users\frank\AppData\Local\Microsoft\WindowsApps;C:\Users\frank\AppData\Local\Programs\Microsoft VS Code\bin;C:\Users\frank\AppData\Roaming\nvm;C:\Program Files\nodejs
8 verbose lifecycle canvas-template@1.0.0~pretest: CWD: D:\Frank\www\my-project\pong.test
9 silly lifecycle canvas-template@1.0.0~pretest: Args: [ '/d /s /c', 'eslint  src/**/*.js' ]
10 silly lifecycle canvas-template@1.0.0~pretest: Returned: code: 1  signal: null
11 info lifecycle canvas-template@1.0.0~pretest: Failed to exec pretest script
12 verbose stack Error: canvas-template@1.0.0 pretest: `eslint  src/**/*.js`
12 verbose stack Exit status 1
12 verbose stack     at EventEmitter.<anonymous> (C:\Users\frank\AppData\Roaming\nvm\v6.9.5\node_modules\npm\lib\utils\lifecycle.js:255:16)
12 verbose stack     at emitTwo (events.js:106:13)
12 verbose stack     at EventEmitter.emit (events.js:191:7)
12 verbose stack     at ChildProcess.<anonymous> (C:\Users\frank\AppData\Roaming\nvm\v6.9.5\node_modules\npm\lib\utils\spawn.js:40:14)
12 verbose stack     at emitTwo (events.js:106:13)
12 verbose stack     at ChildProcess.emit (events.js:191:7)
12 verbose stack     at maybeClose (internal/child_process.js:877:16)
12 verbose stack     at Process.ChildProcess._handle.onexit (internal/child_process.js:226:5)
13 verbose pkgid canvas-template@1.0.0
14 verbose cwd D:\Frank\www\my-project\pong.test
15 error Windows_NT 10.0.17134
16 error argv "C:\\Program Files\\nodejs\\node.exe" "C:\\Program Files\\nodejs\\node_modules\\npm\\bin\\npm-cli.js" "run" "pretest"
17 error node v6.9.5
18 error npm  v3.10.10
19 error code ELIFECYCLE
20 error canvas-template@1.0.0 pretest: `eslint  src/**/*.js`
20 error Exit status 1
21 error Failed at the canvas-template@1.0.0 pretest script 'eslint  src/**/*.js'.
21 error Make sure you have the latest version of node.js and npm installed.
21 error If you do, this is most likely a problem with the canvas-template package,
21 error not with npm itself.
21 error Tell the author that this fails on your system:
21 error     eslint  src/**/*.js
21 error You can get information on how to open an issue for this project with:
21 error     npm bugs canvas-template
21 error Or if that isn't available, you can get their info via:
21 error     npm owner ls canvas-template
21 error There is likely additional logging output above.
22 verbose exit [ 1, true ]
